<?xml version="1.0" encoding="UTF-8"?>
<!-- Generated by org.testng.reporters.JUnitReportReporter -->
<testsuite skipped="0" hostname="DESKTOP-BFITS0N" name="com.test.CreateNewAccountTest" tests="9" failures="0" timestamp="26 Dec 2020 03:28:51 GMT" time="114.395" errors="0">
  <testcase name="verifyLogo" time="13.825" classname="com.test.CreateNewAccountTest"/>
  <testcase name="verifyEmailTxtBox" time="11.839" classname="com.test.CreateNewAccountTest"/>
  <testcase name="createAccWithExistingEmail" time="14.511" classname="com.test.CreateNewAccountTest"/>
  <testcase name="verifyMobNoTxtBox" time="11.024" classname="com.test.CreateNewAccountTest"/>
  <testcase name="verifyPasswrdTxtBox" time="12.323" classname="com.test.CreateNewAccountTest"/>
  <testcase name="verifyContinueBtn" time="13.453" classname="com.test.CreateNewAccountTest"/>
  <testcase name="verifySignInLink" time="13.095" classname="com.test.CreateNewAccountTest"/>
  <testcase name="verifyNameTxtBox" time="12.681" classname="com.test.CreateNewAccountTest"/>
  <testcase name="verifyCountryCodeDD" time="11.644" classname="com.test.CreateNewAccountTest"/>
</testsuite> <!-- com.test.CreateNewAccountTest -->
