<?xml version="1.0" encoding="UTF-8"?>
<!-- Generated by org.testng.reporters.JUnitReportReporter -->
<testsuite skipped="0" hostname="DESKTOP-BFITS0N" name="com.test.MobilePageTest" tests="3" failures="0" timestamp="29 Dec 2020 14:44:34 GMT" time="41.444" errors="0">
  <testcase name="verifyAllSideBarRadioBtns" time="13.753" classname="com.test.MobilePageTest"/>
  <testcase name="checkAllNavBarLinks" time="13.190" classname="com.test.MobilePageTest"/>
  <testcase name="verifyAllSideNavBarLinks" time="14.501" classname="com.test.MobilePageTest"/>
</testsuite> <!-- com.test.MobilePageTest -->
