<?xml version="1.0" encoding="UTF-8"?>
<!-- Generated by org.testng.reporters.JUnitReportReporter -->
<testsuite skipped="0" hostname="DESKTOP-BFITS0N" name="com.test.LoginTest" tests="8" failures="0" timestamp="25 Dec 2020 14:38:26 GMT" time="100.001" errors="0">
  <testcase name="verifyConditionsLink" time="11.640" classname="com.test.LoginTest"/>
  <testcase name="verifyLogo" time="11.095" classname="com.test.LoginTest"/>
  <testcase name="verifyNeedHelpLink" time="12.305" classname="com.test.LoginTest"/>
  <testcase name="verifyCreateAccBtn" time="11.370" classname="com.test.LoginTest"/>
  <testcase name="verifyUserNameTxtBox" time="12.493" classname="com.test.LoginTest"/>
  <testcase name="verifyPrivacyLink" time="10.778" classname="com.test.LoginTest"/>
  <testcase name="verifyLoginPage" time="15.899" classname="com.test.LoginTest"/>
  <testcase name="verifyloginBtn" time="14.421" classname="com.test.LoginTest"/>
</testsuite> <!-- com.test.LoginTest -->
