<?xml version="1.0" encoding="UTF-8"?>
<!-- Generated by org.testng.reporters.JUnitReportReporter -->
<testsuite skipped="0" hostname="DESKTOP-BFITS0N" name="com.test.CustomerServicePageTest" tests="14" failures="0" timestamp="02 Jan 2021 08:10:01 GMT" time="177.336" errors="0">
  <testcase name="verifyAmazonBusinessAllOptions" time="13.153" classname="com.test.CustomerServicePageTest"/>
  <testcase name="verifyAmazonPrimeAllOptions" time="11.977" classname="com.test.CustomerServicePageTest"/>
  <testcase name="verifyManagingYourAccountAllOptions" time="11.640" classname="com.test.CustomerServicePageTest"/>
  <testcase name="verifyMoreSolutions" time="11.891" classname="com.test.CustomerServicePageTest"/>
  <testcase name="verifyCustomerServiceAllOptions" time="12.779" classname="com.test.CustomerServicePageTest"/>
  <testcase name="verifyPaymentsAndPricingAllOptions" time="13.389" classname="com.test.CustomerServicePageTest"/>
  <testcase name="verifyShippingAndDeliveryAllOptions" time="13.065" classname="com.test.CustomerServicePageTest"/>
  <testcase name="verifyOrderingAllOptions" time="11.716" classname="com.test.CustomerServicePageTest"/>
  <testcase name="verifyReturnsRefundsAllOptions" time="12.875" classname="com.test.CustomerServicePageTest"/>
  <testcase name="verifyAllTabLinks" time="14.059" classname="com.test.CustomerServicePageTest"/>
  <testcase name="verifyDevicesAndDigitalServicesAllOptions" time="12.227" classname="com.test.CustomerServicePageTest"/>
  <testcase name="verifyRecommendedOptionsAllOptions" time="12.784" classname="com.test.CustomerServicePageTest"/>
  <testcase name="verifyAmazonPayAllOptions" time="14.017" classname="com.test.CustomerServicePageTest"/>
  <testcase name="verifyOtherTopicsAndHelpSitesAllOptions" time="11.764" classname="com.test.CustomerServicePageTest"/>
</testsuite> <!-- com.test.CustomerServicePageTest -->
