<?xml version="1.0" encoding="UTF-8"?>
<!-- Generated by org.testng.reporters.JUnitReportReporter -->
<testsuite skipped="0" hostname="DESKTOP-BFITS0N" name="com.test.TodaysDealPageTest" tests="3" failures="0" timestamp="01 Jan 2021 05:37:40 GMT" time="43.992" errors="0">
  <testcase name="verifySideNavBarLinks" time="13.942" classname="com.test.TodaysDealPageTest"/>
  <testcase name="verifySideNavBarRadioBtns" time="15.816" classname="com.test.TodaysDealPageTest"/>
  <testcase name="verifyAllNavBarLinks" time="14.234" classname="com.test.TodaysDealPageTest"/>
</testsuite> <!-- com.test.TodaysDealPageTest -->
