<?xml version="1.0" encoding="UTF-8"?>
<!-- Generated by org.testng.reporters.JUnitReportReporter -->
<testsuite skipped="0" hostname="DESKTOP-BFITS0N" name="com.test.NewReleasesPageTest" tests="2" failures="0" timestamp="01 Jan 2021 05:48:59 GMT" time="27.292" errors="0">
  <testcase name="verifyAllNavBarLinks" time="14.400" classname="com.test.NewReleasesPageTest"/>
  <testcase name="verifyAllSideNavBarLinks" time="12.892" classname="com.test.NewReleasesPageTest"/>
</testsuite> <!-- com.test.NewReleasesPageTest -->
