<?xml version="1.0" encoding="UTF-8"?>
<!-- Generated by org.testng.reporters.JUnitReportReporter -->
<testsuite skipped="0" hostname="DESKTOP-BFITS0N" name="com.test.HomePageTest" tests="1" failures="0" timestamp="28 Dec 2020 04:37:57 GMT" time="15.801" errors="0">
  <testcase name="checkAllLinksAvailInAccountsDD" time="15.801" classname="com.test.HomePageTest"/>
</testsuite> <!-- com.test.HomePageTest -->
