<?xml version="1.0" encoding="UTF-8"?>
<!-- Generated by org.testng.reporters.JUnitReportReporter -->
<testsuite skipped="3" hostname="DESKTOP-BFITS0N" name="com.test.GiftCardsTest" tests="4" failures="0" timestamp="28 Dec 2020 14:31:36 GMT" time="14.061" errors="0">
  <testcase name="verifyImageLinks" time="14.061" classname="com.test.GiftCardsTest"/>
  <testcase name="verifyRemainingLinks" classname="com.test.GiftCardsTest">
    <skipped/>
  </testcase> <!-- verifyRemainingLinks -->
  <testcase name="verifyNavBarLinks" classname="com.test.GiftCardsTest">
    <skipped/>
  </testcase> <!-- verifyNavBarLinks -->
  <testcase name="verifyAllRadioBtns" classname="com.test.GiftCardsTest">
    <skipped/>
  </testcase> <!-- verifyAllRadioBtns -->
</testsuite> <!-- com.test.GiftCardsTest -->
