<?xml version="1.0" encoding="UTF-8"?>
<!-- Generated by org.testng.reporters.JUnitReportReporter -->
<testsuite skipped="0" hostname="DESKTOP-BFITS0N" name="com.test.BestSellersTest" tests="1" failures="0" timestamp="28 Dec 2020 15:27:58 GMT" time="13.090" errors="0">
  <testcase name="verifySideNavBarLinks" time="13.090" classname="com.test.BestSellersTest"/>
</testsuite> <!-- com.test.BestSellersTest -->
